{
  "/Users/pavelmakarov/Desktop/weatherForecast/src/buttonInputCity.js": {
    "path": "/Users/pavelmakarov/Desktop/weatherForecast/src/buttonInputCity.js",
    "statementMap": {
      "0": {
        "start": { "line": 5, "column": 18 },
        "end": { "line": 5, "column": 60 }
      },
      "1": {
        "start": { "line": 6, "column": 20 },
        "end": { "line": 6, "column": 56 }
      },
      "2": {
        "start": { "line": 7, "column": 21 },
        "end": { "line": 7, "column": 58 }
      },
      "3": {
        "start": { "line": 8, "column": 26 },
        "end": { "line": 8, "column": 68 }
      },
      "4": {
        "start": { "line": 9, "column": 2 },
        "end": { "line": 25, "column": 5 }
      },
      "5": {
        "start": { "line": 10, "column": 18 },
        "end": { "line": 10, "column": 33 }
      },
      "6": {
        "start": { "line": 11, "column": 4 },
        "end": { "line": 22, "column": 5 }
      },
      "7": {
        "start": { "line": 12, "column": 6 },
        "end": { "line": 21, "column": 7 }
      },
      "8": {
        "start": { "line": 13, "column": 8 },
        "end": { "line": 16, "column": 9 }
      },
      "9": {
        "start": { "line": 14, "column": 10 },
        "end": { "line": 14, "column": 44 }
      },
      "10": {
        "start": { "line": 15, "column": 10 },
        "end": { "line": 15, "column": 28 }
      },
      "11": {
        "start": { "line": 17, "column": 8 },
        "end": { "line": 17, "column": 29 }
      },
      "12": {
        "start": { "line": 18, "column": 8 },
        "end": { "line": 18, "column": 30 }
      },
      "13": {
        "start": { "line": 19, "column": 8 },
        "end": { "line": 19, "column": 66 }
      },
      "14": {
        "start": { "line": 20, "column": 8 },
        "end": { "line": 20, "column": 64 }
      },
      "15": {
        "start": { "line": 23, "column": 4 },
        "end": { "line": 23, "column": 40 }
      },
      "16": {
        "start": { "line": 24, "column": 4 },
        "end": { "line": 24, "column": 25 }
      }
    },
    "fnMap": {
      "0": {
        "name": "buttonInputCity",
        "decl": {
          "start": { "line": 4, "column": 22 },
          "end": { "line": 4, "column": 37 }
        },
        "loc": {
          "start": { "line": 4, "column": 40 },
          "end": { "line": 26, "column": 1 }
        },
        "line": 4
      },
      "1": {
        "name": "(anonymous_1)",
        "decl": {
          "start": { "line": 9, "column": 44 },
          "end": { "line": 9, "column": 45 }
        },
        "loc": {
          "start": { "line": 9, "column": 56 },
          "end": { "line": 25, "column": 3 }
        },
        "line": 9
      }
    },
    "branchMap": {
      "0": {
        "loc": {
          "start": { "line": 11, "column": 4 },
          "end": { "line": 22, "column": 5 }
        },
        "type": "if",
        "locations": [
          {
            "start": { "line": 11, "column": 4 },
            "end": { "line": 22, "column": 5 }
          },
          { "start": {}, "end": {} }
        ],
        "line": 11
      },
      "1": {
        "loc": {
          "start": { "line": 12, "column": 6 },
          "end": { "line": 21, "column": 7 }
        },
        "type": "if",
        "locations": [
          {
            "start": { "line": 12, "column": 6 },
            "end": { "line": 21, "column": 7 }
          },
          { "start": {}, "end": {} }
        ],
        "line": 12
      },
      "2": {
        "loc": {
          "start": { "line": 13, "column": 8 },
          "end": { "line": 16, "column": 9 }
        },
        "type": "if",
        "locations": [
          {
            "start": { "line": 13, "column": 8 },
            "end": { "line": 16, "column": 9 }
          },
          { "start": {}, "end": {} }
        ],
        "line": 13
      }
    },
    "s": {
      "0": 0,
      "1": 0,
      "2": 0,
      "3": 0,
      "4": 0,
      "5": 0,
      "6": 0,
      "7": 0,
      "8": 0,
      "9": 0,
      "10": 0,
      "11": 0,
      "12": 0,
      "13": 0,
      "14": 0,
      "15": 0,
      "16": 0
    },
    "f": { "0": 0, "1": 0 },
    "b": { "0": [0, 0], "1": [0, 0], "2": [0, 0] }
  },
  "/Users/pavelmakarov/Desktop/weatherForecast/src/createNewCity.js": {
    "path": "/Users/pavelmakarov/Desktop/weatherForecast/src/createNewCity.js",
    "statementMap": {
      "0": {
        "start": { "line": 4, "column": 21 },
        "end": { "line": 4, "column": 58 }
      },
      "1": {
        "start": { "line": 5, "column": 20 },
        "end": { "line": 5, "column": 56 }
      },
      "2": {
        "start": { "line": 6, "column": 18 },
        "end": { "line": 6, "column": 46 }
      },
      "3": {
        "start": { "line": 7, "column": 21 },
        "end": { "line": 7, "column": 53 }
      },
      "4": {
        "start": { "line": 8, "column": 2 },
        "end": { "line": 8, "column": 38 }
      },
      "5": {
        "start": { "line": 9, "column": 2 },
        "end": { "line": 9, "column": 29 }
      },
      "6": {
        "start": { "line": 10, "column": 2 },
        "end": { "line": 10, "column": 32 }
      },
      "7": {
        "start": { "line": 11, "column": 2 },
        "end": { "line": 11, "column": 29 }
      },
      "8": {
        "start": { "line": 12, "column": 2 },
        "end": { "line": 16, "column": 5 }
      },
      "9": {
        "start": { "line": 13, "column": 4 },
        "end": { "line": 13, "column": 67 }
      },
      "10": {
        "start": { "line": 14, "column": 4 },
        "end": { "line": 14, "column": 40 }
      },
      "11": {
        "start": { "line": 15, "column": 4 },
        "end": { "line": 15, "column": 35 }
      }
    },
    "fnMap": {
      "0": {
        "name": "createNewCity",
        "decl": {
          "start": { "line": 3, "column": 16 },
          "end": { "line": 3, "column": 29 }
        },
        "loc": {
          "start": { "line": 3, "column": 36 },
          "end": { "line": 17, "column": 1 }
        },
        "line": 3
      },
      "1": {
        "name": "(anonymous_1)",
        "decl": {
          "start": { "line": 12, "column": 39 },
          "end": { "line": 12, "column": 40 }
        },
        "loc": {
          "start": { "line": 12, "column": 45 },
          "end": { "line": 16, "column": 3 }
        },
        "line": 12
      }
    },
    "branchMap": {},
    "s": {
      "0": 4,
      "1": 4,
      "2": 4,
      "3": 4,
      "4": 4,
      "5": 4,
      "6": 4,
      "7": 4,
      "8": 4,
      "9": 2,
      "10": 2,
      "11": 2
    },
    "f": { "0": 4, "1": 2 },
    "b": {},
    "_coverageSchema": "1a1c01bbd47fc00a2c39e90264f33305004495a9",
    "hash": "3cc719ab09d4649304555f63f02fa06c1ca10bb7"
  },
  "/Users/pavelmakarov/Desktop/weatherForecast/src/getWeather.js": {
    "path": "/Users/pavelmakarov/Desktop/weatherForecast/src/getWeather.js",
    "statementMap": {
      "0": {
        "start": { "line": 2, "column": 14 },
        "end": { "line": 2, "column": 48 }
      },
      "1": {
        "start": { "line": 4, "column": 2 },
        "end": { "line": 19, "column": 3 }
      },
      "2": {
        "start": { "line": 5, "column": 21 },
        "end": { "line": 7, "column": 5 }
      },
      "3": {
        "start": { "line": 8, "column": 4 },
        "end": { "line": 13, "column": 5 }
      },
      "4": {
        "start": { "line": 9, "column": 6 },
        "end": { "line": 11, "column": 7 }
      },
      "5": {
        "start": { "line": 10, "column": 8 },
        "end": { "line": 10, "column": 43 }
      },
      "6": {
        "start": { "line": 12, "column": 6 },
        "end": { "line": 12, "column": 63 }
      },
      "7": {
        "start": { "line": 14, "column": 19 },
        "end": { "line": 14, "column": 40 }
      },
      "8": {
        "start": { "line": 15, "column": 4 },
        "end": { "line": 15, "column": 18 }
      },
      "9": {
        "start": { "line": 17, "column": 4 },
        "end": { "line": 17, "column": 21 }
      },
      "10": {
        "start": { "line": 18, "column": 4 },
        "end": { "line": 18, "column": 16 }
      }
    },
    "fnMap": {
      "0": {
        "name": "getWeather",
        "decl": {
          "start": { "line": 1, "column": 22 },
          "end": { "line": 1, "column": 32 }
        },
        "loc": {
          "start": { "line": 1, "column": 39 },
          "end": { "line": 20, "column": 1 }
        },
        "line": 1
      }
    },
    "branchMap": {
      "0": {
        "loc": {
          "start": { "line": 8, "column": 4 },
          "end": { "line": 13, "column": 5 }
        },
        "type": "if",
        "locations": [
          {
            "start": { "line": 8, "column": 4 },
            "end": { "line": 13, "column": 5 }
          },
          { "start": {}, "end": {} }
        ],
        "line": 8
      },
      "1": {
        "loc": {
          "start": { "line": 9, "column": 6 },
          "end": { "line": 11, "column": 7 }
        },
        "type": "if",
        "locations": [
          {
            "start": { "line": 9, "column": 6 },
            "end": { "line": 11, "column": 7 }
          },
          { "start": {}, "end": {} }
        ],
        "line": 9
      }
    },
    "s": {
      "0": 3,
      "1": 3,
      "2": 3,
      "3": 3,
      "4": 2,
      "5": 1,
      "6": 1,
      "7": 1,
      "8": 1,
      "9": 2,
      "10": 2
    },
    "f": { "0": 3 },
    "b": { "0": [2, 1], "1": [1, 1] },
    "_coverageSchema": "1a1c01bbd47fc00a2c39e90264f33305004495a9",
    "hash": "0939465c0e580d47393cb8b14f87172e9f1802b5"
  },
  "/Users/pavelmakarov/Desktop/weatherForecast/src/index.js": {
    "path": "/Users/pavelmakarov/Desktop/weatherForecast/src/index.js",
    "statementMap": {
      "0": {
        "start": { "line": 6, "column": 2 },
        "end": { "line": 6, "column": 12 }
      },
      "1": {
        "start": { "line": 10, "column": 0 },
        "end": { "line": 10, "column": 37 }
      }
    },
    "fnMap": {
      "0": {
        "name": "start",
        "decl": {
          "start": { "line": 5, "column": 15 },
          "end": { "line": 5, "column": 20 }
        },
        "loc": {
          "start": { "line": 5, "column": 26 },
          "end": { "line": 8, "column": 1 }
        },
        "line": 5
      }
    },
    "branchMap": {},
    "s": { "0": 0, "1": 0 },
    "f": { "0": 0 },
    "b": {}
  },
  "/Users/pavelmakarov/Desktop/weatherForecast/src/init.js": {
    "path": "/Users/pavelmakarov/Desktop/weatherForecast/src/init.js",
    "statementMap": {
      "0": {
        "start": { "line": 6, "column": 2 },
        "end": { "line": 6, "column": 26 }
      },
      "1": {
        "start": { "line": 8, "column": 2 },
        "end": { "line": 8, "column": 28 }
      },
      "2": {
        "start": { "line": 9, "column": 26 },
        "end": { "line": 9, "column": 58 }
      },
      "3": {
        "start": { "line": 11, "column": 2 },
        "end": { "line": 17, "column": 9 }
      },
      "4": {
        "start": { "line": 18, "column": 2 },
        "end": { "line": 18, "column": 30 }
      },
      "5": {
        "start": { "line": 20, "column": 35 },
        "end": { "line": 20, "column": 64 }
      },
      "6": {
        "start": { "line": 21, "column": 2 },
        "end": { "line": 21, "column": 58 }
      },
      "7": {
        "start": { "line": 23, "column": 2 },
        "end": { "line": 28, "column": 35 }
      },
      "8": {
        "start": { "line": 29, "column": 2 },
        "end": { "line": 29, "column": 39 }
      },
      "9": {
        "start": { "line": 31, "column": 27 },
        "end": { "line": 31, "column": 56 }
      },
      "10": {
        "start": { "line": 32, "column": 2 },
        "end": { "line": 32, "column": 50 }
      },
      "11": {
        "start": { "line": 33, "column": 2 },
        "end": { "line": 33, "column": 31 }
      },
      "12": {
        "start": { "line": 35, "column": 2 },
        "end": { "line": 45, "column": 3 }
      },
      "13": {
        "start": { "line": 36, "column": 21 },
        "end": { "line": 38, "column": 40 }
      },
      "14": {
        "start": { "line": 37, "column": 20 },
        "end": { "line": 37, "column": 29 }
      },
      "15": {
        "start": { "line": 38, "column": 26 },
        "end": { "line": 38, "column": 39 }
      },
      "16": {
        "start": { "line": 39, "column": 4 },
        "end": { "line": 39, "column": 69 }
      },
      "17": {
        "start": { "line": 40, "column": 4 },
        "end": { "line": 40, "column": 69 }
      },
      "18": {
        "start": { "line": 41, "column": 4 },
        "end": { "line": 41, "column": 27 }
      },
      "19": {
        "start": { "line": 43, "column": 21 },
        "end": { "line": 43, "column": 65 }
      },
      "20": {
        "start": { "line": 44, "column": 4 },
        "end": { "line": 44, "column": 21 }
      },
      "21": {
        "start": { "line": 46, "column": 18 },
        "end": { "line": 46, "column": 60 }
      },
      "22": {
        "start": { "line": 47, "column": 2 },
        "end": { "line": 47, "column": 20 }
      },
      "23": {
        "start": { "line": 48, "column": 2 },
        "end": { "line": 50, "column": 5 }
      },
      "24": {
        "start": { "line": 49, "column": 4 },
        "end": { "line": 49, "column": 64 }
      },
      "25": {
        "start": { "line": 52, "column": 2 },
        "end": { "line": 54, "column": 5 }
      },
      "26": {
        "start": { "line": 53, "column": 4 },
        "end": { "line": 53, "column": 27 }
      }
    },
    "fnMap": {
      "0": {
        "name": "init",
        "decl": {
          "start": { "line": 5, "column": 22 },
          "end": { "line": 5, "column": 26 }
        },
        "loc": {
          "start": { "line": 5, "column": 32 },
          "end": { "line": 55, "column": 1 }
        },
        "line": 5
      },
      "1": {
        "name": "(anonymous_1)",
        "decl": {
          "start": { "line": 37, "column": 12 },
          "end": { "line": 37, "column": 13 }
        },
        "loc": {
          "start": { "line": 37, "column": 20 },
          "end": { "line": 37, "column": 29 }
        },
        "line": 37
      },
      "2": {
        "name": "(anonymous_2)",
        "decl": {
          "start": { "line": 38, "column": 12 },
          "end": { "line": 38, "column": 13 }
        },
        "loc": {
          "start": { "line": 38, "column": 26 },
          "end": { "line": 38, "column": 39 }
        },
        "line": 38
      },
      "3": {
        "name": "(anonymous_3)",
        "decl": {
          "start": { "line": 48, "column": 65 },
          "end": { "line": 48, "column": 66 }
        },
        "loc": {
          "start": { "line": 48, "column": 71 },
          "end": { "line": 50, "column": 3 }
        },
        "line": 48
      },
      "4": {
        "name": "(anonymous_4)",
        "decl": {
          "start": { "line": 52, "column": 20 },
          "end": { "line": 52, "column": 21 }
        },
        "loc": {
          "start": { "line": 52, "column": 33 },
          "end": { "line": 54, "column": 3 }
        },
        "line": 52
      }
    },
    "branchMap": {
      "0": {
        "loc": {
          "start": { "line": 35, "column": 2 },
          "end": { "line": 45, "column": 3 }
        },
        "type": "if",
        "locations": [
          {
            "start": { "line": 35, "column": 2 },
            "end": { "line": 45, "column": 3 }
          },
          {
            "start": { "line": 42, "column": 9 },
            "end": { "line": 45, "column": 3 }
          }
        ],
        "line": 35
      }
    },
    "s": {
      "0": 0,
      "1": 0,
      "2": 0,
      "3": 0,
      "4": 0,
      "5": 0,
      "6": 0,
      "7": 0,
      "8": 0,
      "9": 0,
      "10": 0,
      "11": 0,
      "12": 0,
      "13": 0,
      "14": 0,
      "15": 0,
      "16": 0,
      "17": 0,
      "18": 0,
      "19": 0,
      "20": 0,
      "21": 0,
      "22": 0,
      "23": 0,
      "24": 0,
      "25": 0,
      "26": 0
    },
    "f": { "0": 0, "1": 0, "2": 0, "3": 0, "4": 0 },
    "b": { "0": [0, 0] }
  },
  "/Users/pavelmakarov/Desktop/weatherForecast/src/render.js": {
    "path": "/Users/pavelmakarov/Desktop/weatherForecast/src/render.js",
    "statementMap": {
      "0": {
        "start": { "line": 4, "column": 19 },
        "end": { "line": 4, "column": 41 }
      },
      "1": {
        "start": { "line": 5, "column": 2 },
        "end": { "line": 23, "column": 3 }
      },
      "2": {
        "start": { "line": 6, "column": 20 },
        "end": { "line": 6, "column": 33 }
      },
      "3": {
        "start": { "line": 7, "column": 16 },
        "end": { "line": 7, "column": 40 }
      },
      "4": {
        "start": { "line": 8, "column": 17 },
        "end": { "line": 8, "column": 30 }
      },
      "5": {
        "start": { "line": 9, "column": 22 },
        "end": { "line": 9, "column": 58 }
      },
      "6": {
        "start": { "line": 10, "column": 24 },
        "end": { "line": 10, "column": 62 }
      },
      "7": {
        "start": { "line": 11, "column": 27 },
        "end": { "line": 11, "column": 68 }
      },
      "8": {
        "start": { "line": 12, "column": 24 },
        "end": { "line": 12, "column": 67 }
      },
      "9": {
        "start": { "line": 13, "column": 4 },
        "end": { "line": 13, "column": 49 }
      },
      "10": {
        "start": { "line": 14, "column": 4 },
        "end": { "line": 14, "column": 49 }
      },
      "11": {
        "start": { "line": 15, "column": 4 },
        "end": { "line": 15, "column": 75 }
      },
      "12": {
        "start": { "line": 16, "column": 4 },
        "end": { "line": 19, "column": 70 }
      },
      "13": {
        "start": { "line": 20, "column": 4 },
        "end": { "line": 20, "column": 13 }
      },
      "14": {
        "start": { "line": 22, "column": 4 },
        "end": { "line": 22, "column": 16 }
      }
    },
    "fnMap": {
      "0": {
        "name": "render",
        "decl": {
          "start": { "line": 3, "column": 22 },
          "end": { "line": 3, "column": 28 }
        },
        "loc": {
          "start": { "line": 3, "column": 35 },
          "end": { "line": 24, "column": 1 }
        },
        "line": 3
      }
    },
    "branchMap": {
      "0": {
        "loc": {
          "start": { "line": 5, "column": 2 },
          "end": { "line": 23, "column": 3 }
        },
        "type": "if",
        "locations": [
          {
            "start": { "line": 5, "column": 2 },
            "end": { "line": 23, "column": 3 }
          },
          {
            "start": { "line": 21, "column": 9 },
            "end": { "line": 23, "column": 3 }
          }
        ],
        "line": 5
      }
    },
    "s": {
      "0": 4,
      "1": 4,
      "2": 3,
      "3": 3,
      "4": 3,
      "5": 3,
      "6": 3,
      "7": 3,
      "8": 3,
      "9": 3,
      "10": 3,
      "11": 3,
      "12": 3,
      "13": 3,
      "14": 1
    },
    "f": { "0": 4 },
    "b": { "0": [3, 1] },
    "_coverageSchema": "1a1c01bbd47fc00a2c39e90264f33305004495a9",
    "hash": "4bcc0ffc3498bd0be6819c6e0b9042a1233db8d7"
  }
}
